<?xml version="1.0" encoding="UTF-8"?>
<!-- Generated by org.testng.reporters.JUnitXMLReporter -->
<testsuite ignored="3" hostname="LAPTOP-CV46QDVC" failures="0" tests="1" name="Default test" time="11.131" errors="0" timestamp="2023-11-22T00:21:10 IST">
  <testcase classname="com.selenium.scenarios.Login" name="loginWithValidUsernameAndWrongPassword" time="0.438"/>
  <testcase classname="com.selenium.scenarios.Login" name="loginWithNoCredentials" time="0.0">
    <ignored/>
  </testcase> <!-- loginWithNoCredentials -->
  <testcase classname="com.selenium.scenarios.Login" name="loginWithValidCredentials" time="0.0">
    <ignored/>
  </testcase> <!-- loginWithValidCredentials -->
  <testcase classname="com.selenium.scenarios.Login" name="loginWithInvalidUsernameAndCorrectPassword" time="0.0">
    <ignored/>
  </testcase> <!-- loginWithInvalidUsernameAndCorrectPassword -->
</testsuite> <!-- Default test -->
